{
  meta: {
    req: {
      url: '/getcity/8.8.8.8',
      headers: {
        'content-length': '81',
        'accept-encoding': 'gzip, deflate, br',
        cookie: 'connect.sid=s%3AN5OhHv0E2EQIqM8v1679rQpC-zJbnvGT.EkeaI3AsOI8KDvLZ0Y6POE90fpC5F2rcb21OWXalm5w; accesstoken=eyJhbGciOiJIUzI1NiIsInR5cCI6IkpXVCJ9.eyJ1c2VyRW1haWwiOiJhbWlyQGdtYWlsLmNvbSIsInVzZXJSb2xlIjoibW9kZXJhdG9yIiwiaWF0IjoxNjgyNjEzMDkxLCJleHAiOjE2ODI2MTMxNTF9.OaU_8yYBbKY8yOpxY7ijVrZqKY_QZVEYUn1ZpYV6qc8; refreshtoken=eyJhbGciOiJIUzI1NiIsInR5cCI6IkpXVCJ9.eyJ1c2VyRW1haWwiOiJhbWlyQGdtYWlsLmNvbSIsInVzZXJSb2xlIjoibW9kZXJhdG9yIiwiaWF0IjoxNjgyNjEzMDkxLCJleHAiOjE2ODI2MTMyNzF9.QhhA3JKy0kP2h_Y86l9AS1ZgtMPSdv1XiQyerDAXfEs',
        accept: '*/*',
        'user-agent': 'Thunder Client (https://www.thunderclient.com)',
        authorization: 'eyJhbGciOiJIUzI1NiIsInR5cCI6IkpXVCJ9.eyJlbWFpbCI6ImVtcDFAZ21haWwuY29tIiwicm9sZSI6ImVtcGxveWVlIiwiaWF0IjoxNjgyODU0Nzg5fQ.9VpgNORFievj8fATEP0WyqJF2FqVHylJXzAZYGIaT_0',
        'content-type': 'application/json',
        host: 'localhost:4500',
        connection: 'close'
      },
      method: 'GET',
      httpVersion: '1.1',
      originalUrl: '/getcity/8.8.8.8',
      query: {}
    },
    res: { statusCode: 200 },
    responseTime: 27
  },
  level: 'info',
  message: 'HTTP GET /getcity/8.8.8.8'
}
{
  meta: {
    req: {
      url: '/',
      headers: {
        'content-length': '81',
        'accept-encoding': 'gzip, deflate, br',
        cookie: 'connect.sid=s%3AN5OhHv0E2EQIqM8v1679rQpC-zJbnvGT.EkeaI3AsOI8KDvLZ0Y6POE90fpC5F2rcb21OWXalm5w; accesstoken=eyJhbGciOiJIUzI1NiIsInR5cCI6IkpXVCJ9.eyJ1c2VyRW1haWwiOiJhbWlyQGdtYWlsLmNvbSIsInVzZXJSb2xlIjoibW9kZXJhdG9yIiwiaWF0IjoxNjgyNjEzMDkxLCJleHAiOjE2ODI2MTMxNTF9.OaU_8yYBbKY8yOpxY7ijVrZqKY_QZVEYUn1ZpYV6qc8; refreshtoken=eyJhbGciOiJIUzI1NiIsInR5cCI6IkpXVCJ9.eyJ1c2VyRW1haWwiOiJhbWlyQGdtYWlsLmNvbSIsInVzZXJSb2xlIjoibW9kZXJhdG9yIiwiaWF0IjoxNjgyNjEzMDkxLCJleHAiOjE2ODI2MTMyNzF9.QhhA3JKy0kP2h_Y86l9AS1ZgtMPSdv1XiQyerDAXfEs',
        accept: '*/*',
        'user-agent': 'Thunder Client (https://www.thunderclient.com)',
        authorization: 'eyJhbGciOiJIUzI1NiIsInR5cCI6IkpXVCJ9.eyJlbWFpbCI6ImVtcDFAZ21haWwuY29tIiwicm9sZSI6ImVtcGxveWVlIiwiaWF0IjoxNjgyODU0Nzg5fQ.9VpgNORFievj8fATEP0WyqJF2FqVHylJXzAZYGIaT_0',
        'content-type': 'application/json',
        host: 'localhost:4500',
        connection: 'close'
      },
      method: 'GET',
      httpVersion: '1.1',
      originalUrl: '/',
      query: {}
    },
    res: { statusCode: 200 },
    responseTime: 2
  },
  level: 'info',
  message: 'HTTP GET /'
}
{
  meta: {
    req: {
      url: '/user/login',
      headers: {
        'content-length': '52',
        'accept-encoding': 'gzip, deflate, br',
        cookie: 'connect.sid=s%3AN5OhHv0E2EQIqM8v1679rQpC-zJbnvGT.EkeaI3AsOI8KDvLZ0Y6POE90fpC5F2rcb21OWXalm5w; accesstoken=eyJhbGciOiJIUzI1NiIsInR5cCI6IkpXVCJ9.eyJ1c2VyRW1haWwiOiJhbWlyQGdtYWlsLmNvbSIsInVzZXJSb2xlIjoibW9kZXJhdG9yIiwiaWF0IjoxNjgyNjEzMDkxLCJleHAiOjE2ODI2MTMxNTF9.OaU_8yYBbKY8yOpxY7ijVrZqKY_QZVEYUn1ZpYV6qc8; refreshtoken=eyJhbGciOiJIUzI1NiIsInR5cCI6IkpXVCJ9.eyJ1c2VyRW1haWwiOiJhbWlyQGdtYWlsLmNvbSIsInVzZXJSb2xlIjoibW9kZXJhdG9yIiwiaWF0IjoxNjgyNjEzMDkxLCJleHAiOjE2ODI2MTMyNzF9.QhhA3JKy0kP2h_Y86l9AS1ZgtMPSdv1XiQyerDAXfEs',
        accept: '*/*',
        'user-agent': 'Thunder Client (https://www.thunderclient.com)',
        'content-type': 'application/json',
        host: 'localhost:4500',
        connection: 'close'
      },
      method: 'POST',
      httpVersion: '1.1',
      originalUrl: '/user/login',
      query: {}
    },
    res: { statusCode: 200 },
    responseTime: 405
  },
  level: 'info',
  message: 'HTTP POST /user/login'
}
{
  meta: {
    req: {
      url: '/user/login',
      headers: {
        'content-length': '52',
        'accept-encoding': 'gzip, deflate, br',
        cookie: 'connect.sid=s%3AN5OhHv0E2EQIqM8v1679rQpC-zJbnvGT.EkeaI3AsOI8KDvLZ0Y6POE90fpC5F2rcb21OWXalm5w; accesstoken=eyJhbGciOiJIUzI1NiIsInR5cCI6IkpXVCJ9.eyJ1c2VyRW1haWwiOiJhbWlyQGdtYWlsLmNvbSIsInVzZXJSb2xlIjoibW9kZXJhdG9yIiwiaWF0IjoxNjgyNjEzMDkxLCJleHAiOjE2ODI2MTMxNTF9.OaU_8yYBbKY8yOpxY7ijVrZqKY_QZVEYUn1ZpYV6qc8; refreshtoken=eyJhbGciOiJIUzI1NiIsInR5cCI6IkpXVCJ9.eyJ1c2VyRW1haWwiOiJhbWlyQGdtYWlsLmNvbSIsInVzZXJSb2xlIjoibW9kZXJhdG9yIiwiaWF0IjoxNjgyNjEzMDkxLCJleHAiOjE2ODI2MTMyNzF9.QhhA3JKy0kP2h_Y86l9AS1ZgtMPSdv1XiQyerDAXfEs',
        accept: '*/*',
        'user-agent': 'Thunder Client (https://www.thunderclient.com)',
        'content-type': 'application/json',
        host: 'localhost:4500',
        connection: 'close'
      },
      method: 'POST',
      httpVersion: '1.1',
      originalUrl: '/user/login',
      query: {}
    },
    res: { statusCode: 200 },
    responseTime: 1812
  },
  level: 'info',
  message: 'HTTP POST /user/login'
}
{
  meta: {
    req: {
      url: '/getcity/8.8.8.8',
      headers: {
        'accept-encoding': 'gzip, deflate, br',
        cookie: 'connect.sid=s%3AN5OhHv0E2EQIqM8v1679rQpC-zJbnvGT.EkeaI3AsOI8KDvLZ0Y6POE90fpC5F2rcb21OWXalm5w; accesstoken=eyJhbGciOiJIUzI1NiIsInR5cCI6IkpXVCJ9.eyJ1c2VyRW1haWwiOiJhbWlyQGdtYWlsLmNvbSIsInVzZXJSb2xlIjoibW9kZXJhdG9yIiwiaWF0IjoxNjgyNjEzMDkxLCJleHAiOjE2ODI2MTMxNTF9.OaU_8yYBbKY8yOpxY7ijVrZqKY_QZVEYUn1ZpYV6qc8; refreshtoken=eyJhbGciOiJIUzI1NiIsInR5cCI6IkpXVCJ9.eyJ1c2VyRW1haWwiOiJhbWlyQGdtYWlsLmNvbSIsInVzZXJSb2xlIjoibW9kZXJhdG9yIiwiaWF0IjoxNjgyNjEzMDkxLCJleHAiOjE2ODI2MTMyNzF9.QhhA3JKy0kP2h_Y86l9AS1ZgtMPSdv1XiQyerDAXfEs',
        accept: '*/*',
        'user-agent': 'Thunder Client (https://www.thunderclient.com)',
        authorization: 'eyJhbGciOiJIUzI1NiIsInR5cCI6IkpXVCJ9.eyJlbWFpbCI6ImVtcDFAZ21haWwuY29tIiwicm9sZSI6ImVtcGxveWVlIiwiaWF0IjoxNjgyODU0Nzg5fQ.9VpgNORFievj8fATEP0WyqJF2FqVHylJXzAZYGIaT_0',
        host: 'localhost:4500',
        connection: 'close'
      },
      method: 'GET',
      httpVersion: '1.1',
      originalUrl: '/getcity/8.8.8.8',
      query: {}
    },
    res: { statusCode: 200 },
    responseTime: 17
  },
  level: 'info',
  message: 'HTTP GET /getcity/8.8.8.8'
}
{
  meta: {
    req: {
      url: '/getcity/sjbdsbhbsd',
      headers: {
        'accept-encoding': 'gzip, deflate, br',
        cookie: 'connect.sid=s%3AN5OhHv0E2EQIqM8v1679rQpC-zJbnvGT.EkeaI3AsOI8KDvLZ0Y6POE90fpC5F2rcb21OWXalm5w; accesstoken=eyJhbGciOiJIUzI1NiIsInR5cCI6IkpXVCJ9.eyJ1c2VyRW1haWwiOiJhbWlyQGdtYWlsLmNvbSIsInVzZXJSb2xlIjoibW9kZXJhdG9yIiwiaWF0IjoxNjgyNjEzMDkxLCJleHAiOjE2ODI2MTMxNTF9.OaU_8yYBbKY8yOpxY7ijVrZqKY_QZVEYUn1ZpYV6qc8; refreshtoken=eyJhbGciOiJIUzI1NiIsInR5cCI6IkpXVCJ9.eyJ1c2VyRW1haWwiOiJhbWlyQGdtYWlsLmNvbSIsInVzZXJSb2xlIjoibW9kZXJhdG9yIiwiaWF0IjoxNjgyNjEzMDkxLCJleHAiOjE2ODI2MTMyNzF9.QhhA3JKy0kP2h_Y86l9AS1ZgtMPSdv1XiQyerDAXfEs',
        accept: '*/*',
        'user-agent': 'Thunder Client (https://www.thunderclient.com)',
        authorization: 'eyJhbGciOiJIUzI1NiIsInR5cCI6IkpXVCJ9.eyJlbWFpbCI6ImVtcDFAZ21haWwuY29tIiwicm9sZSI6ImVtcGxveWVlIiwiaWF0IjoxNjgyODU0Nzg5fQ.9VpgNORFievj8fATEP0WyqJF2FqVHylJXzAZYGIaT_0',
        host: 'localhost:4500',
        connection: 'close'
      },
      method: 'GET',
      httpVersion: '1.1',
      originalUrl: '/getcity/sjbdsbhbsd',
      query: {}
    },
    res: { statusCode: 400 },
    responseTime: 11
  },
  level: 'info',
  message: 'HTTP GET /getcity/sjbdsbhbsd'
}
{
  meta: {
    req: {
      url: '/user/logout',
      headers: {
        'content-length': '52',
        'accept-encoding': 'gzip, deflate, br',
        cookie: 'connect.sid=s%3AN5OhHv0E2EQIqM8v1679rQpC-zJbnvGT.EkeaI3AsOI8KDvLZ0Y6POE90fpC5F2rcb21OWXalm5w; accesstoken=eyJhbGciOiJIUzI1NiIsInR5cCI6IkpXVCJ9.eyJ1c2VyRW1haWwiOiJhbWlyQGdtYWlsLmNvbSIsInVzZXJSb2xlIjoibW9kZXJhdG9yIiwiaWF0IjoxNjgyNjEzMDkxLCJleHAiOjE2ODI2MTMxNTF9.OaU_8yYBbKY8yOpxY7ijVrZqKY_QZVEYUn1ZpYV6qc8; refreshtoken=eyJhbGciOiJIUzI1NiIsInR5cCI6IkpXVCJ9.eyJ1c2VyRW1haWwiOiJhbWlyQGdtYWlsLmNvbSIsInVzZXJSb2xlIjoibW9kZXJhdG9yIiwiaWF0IjoxNjgyNjEzMDkxLCJleHAiOjE2ODI2MTMyNzF9.QhhA3JKy0kP2h_Y86l9AS1ZgtMPSdv1XiQyerDAXfEs',
        accept: '*/*',
        'user-agent': 'Thunder Client (https://www.thunderclient.com)',
        'content-type': 'application/json',
        host: 'localhost:4500',
        connection: 'close'
      },
      method: 'GET',
      httpVersion: '1.1',
      originalUrl: '/user/logout',
      query: {}
    },
    res: { statusCode: 404 },
    responseTime: 5
  },
  level: 'info',
  message: 'HTTP GET /user/logout'
}
{
  meta: {
    req: {
      url: '/user/logout',
      headers: {
        'content-length': '52',
        'accept-encoding': 'gzip, deflate, br',
        cookie: 'connect.sid=s%3AN5OhHv0E2EQIqM8v1679rQpC-zJbnvGT.EkeaI3AsOI8KDvLZ0Y6POE90fpC5F2rcb21OWXalm5w; accesstoken=eyJhbGciOiJIUzI1NiIsInR5cCI6IkpXVCJ9.eyJ1c2VyRW1haWwiOiJhbWlyQGdtYWlsLmNvbSIsInVzZXJSb2xlIjoibW9kZXJhdG9yIiwiaWF0IjoxNjgyNjEzMDkxLCJleHAiOjE2ODI2MTMxNTF9.OaU_8yYBbKY8yOpxY7ijVrZqKY_QZVEYUn1ZpYV6qc8; refreshtoken=eyJhbGciOiJIUzI1NiIsInR5cCI6IkpXVCJ9.eyJ1c2VyRW1haWwiOiJhbWlyQGdtYWlsLmNvbSIsInVzZXJSb2xlIjoibW9kZXJhdG9yIiwiaWF0IjoxNjgyNjEzMDkxLCJleHAiOjE2ODI2MTMyNzF9.QhhA3JKy0kP2h_Y86l9AS1ZgtMPSdv1XiQyerDAXfEs',
        accept: '*/*',
        'user-agent': 'Thunder Client (https://www.thunderclient.com)',
        'content-type': 'application/json',
        host: 'localhost:4500',
        connection: 'close'
      },
      method: 'GET',
      httpVersion: '1.1',
      originalUrl: '/user/logout',
      query: {}
    },
    res: { statusCode: 200 },
    responseTime: 7
  },
  level: 'info',
  message: 'HTTP GET /user/logout'
}
{
  meta: {
    req: {
      url: '/user/login',
      headers: {
        'content-length': '52',
        'accept-encoding': 'gzip, deflate, br',
        cookie: 'connect.sid=s%3AN5OhHv0E2EQIqM8v1679rQpC-zJbnvGT.EkeaI3AsOI8KDvLZ0Y6POE90fpC5F2rcb21OWXalm5w; accesstoken=eyJhbGciOiJIUzI1NiIsInR5cCI6IkpXVCJ9.eyJ1c2VyRW1haWwiOiJhbWlyQGdtYWlsLmNvbSIsInVzZXJSb2xlIjoibW9kZXJhdG9yIiwiaWF0IjoxNjgyNjEzMDkxLCJleHAiOjE2ODI2MTMxNTF9.OaU_8yYBbKY8yOpxY7ijVrZqKY_QZVEYUn1ZpYV6qc8; refreshtoken=eyJhbGciOiJIUzI1NiIsInR5cCI6IkpXVCJ9.eyJ1c2VyRW1haWwiOiJhbWlyQGdtYWlsLmNvbSIsInVzZXJSb2xlIjoibW9kZXJhdG9yIiwiaWF0IjoxNjgyNjEzMDkxLCJleHAiOjE2ODI2MTMyNzF9.QhhA3JKy0kP2h_Y86l9AS1ZgtMPSdv1XiQyerDAXfEs',
        accept: '*/*',
        'user-agent': 'Thunder Client (https://www.thunderclient.com)',
        'content-type': 'application/json',
        host: 'localhost:4500',
        connection: 'close'
      },
      method: 'POST',
      httpVersion: '1.1',
      originalUrl: '/user/login',
      query: {}
    },
    res: { statusCode: 200 },
    responseTime: 420
  },
  level: 'info',
  message: 'HTTP POST /user/login'
}
{
  meta: {
    req: {
      url: '/getcity/8.8.8.8',
      headers: {
        'accept-encoding': 'gzip, deflate, br',
        cookie: 'connect.sid=s%3AN5OhHv0E2EQIqM8v1679rQpC-zJbnvGT.EkeaI3AsOI8KDvLZ0Y6POE90fpC5F2rcb21OWXalm5w; accesstoken=eyJhbGciOiJIUzI1NiIsInR5cCI6IkpXVCJ9.eyJ1c2VyRW1haWwiOiJhbWlyQGdtYWlsLmNvbSIsInVzZXJSb2xlIjoibW9kZXJhdG9yIiwiaWF0IjoxNjgyNjEzMDkxLCJleHAiOjE2ODI2MTMxNTF9.OaU_8yYBbKY8yOpxY7ijVrZqKY_QZVEYUn1ZpYV6qc8; refreshtoken=eyJhbGciOiJIUzI1NiIsInR5cCI6IkpXVCJ9.eyJ1c2VyRW1haWwiOiJhbWlyQGdtYWlsLmNvbSIsInVzZXJSb2xlIjoibW9kZXJhdG9yIiwiaWF0IjoxNjgyNjEzMDkxLCJleHAiOjE2ODI2MTMyNzF9.QhhA3JKy0kP2h_Y86l9AS1ZgtMPSdv1XiQyerDAXfEs',
        accept: '*/*',
        'user-agent': 'Thunder Client (https://www.thunderclient.com)',
        authorization: 'eyJhbGciOiJIUzI1NiIsInR5cCI6IkpXVCJ9.eyJlbWFpbCI6ImVtcDFAZ21haWwuY29tIiwicm9sZSI6ImVtcGxveWVlIiwiaWF0IjoxNjgyODU0Nzg5fQ.9VpgNORFievj8fATEP0WyqJF2FqVHylJXzAZYGIaT_0',
        host: 'localhost:4500',
        connection: 'close'
      },
      method: 'GET',
      httpVersion: '1.1',
      originalUrl: '/getcity/8.8.8.8',
      query: {}
    },
    res: { statusCode: 200 },
    responseTime: 38
  },
  level: 'info',
  message: 'HTTP GET /getcity/8.8.8.8'
}
{
  meta: {
    req: {
      url: '/getcity/dskjbjbjdsbkjb',
      headers: {
        'accept-encoding': 'gzip, deflate, br',
        cookie: 'connect.sid=s%3AN5OhHv0E2EQIqM8v1679rQpC-zJbnvGT.EkeaI3AsOI8KDvLZ0Y6POE90fpC5F2rcb21OWXalm5w; accesstoken=eyJhbGciOiJIUzI1NiIsInR5cCI6IkpXVCJ9.eyJ1c2VyRW1haWwiOiJhbWlyQGdtYWlsLmNvbSIsInVzZXJSb2xlIjoibW9kZXJhdG9yIiwiaWF0IjoxNjgyNjEzMDkxLCJleHAiOjE2ODI2MTMxNTF9.OaU_8yYBbKY8yOpxY7ijVrZqKY_QZVEYUn1ZpYV6qc8; refreshtoken=eyJhbGciOiJIUzI1NiIsInR5cCI6IkpXVCJ9.eyJ1c2VyRW1haWwiOiJhbWlyQGdtYWlsLmNvbSIsInVzZXJSb2xlIjoibW9kZXJhdG9yIiwiaWF0IjoxNjgyNjEzMDkxLCJleHAiOjE2ODI2MTMyNzF9.QhhA3JKy0kP2h_Y86l9AS1ZgtMPSdv1XiQyerDAXfEs',
        accept: '*/*',
        'user-agent': 'Thunder Client (https://www.thunderclient.com)',
        authorization: 'eyJhbGciOiJIUzI1NiIsInR5cCI6IkpXVCJ9.eyJlbWFpbCI6ImVtcDFAZ21haWwuY29tIiwicm9sZSI6ImVtcGxveWVlIiwiaWF0IjoxNjgyODU0Nzg5fQ.9VpgNORFievj8fATEP0WyqJF2FqVHylJXzAZYGIaT_0',
        host: 'localhost:4500',
        connection: 'close'
      },
      method: 'GET',
      httpVersion: '1.1',
      originalUrl: '/getcity/dskjbjbjdsbkjb',
      query: {}
    },
    res: { statusCode: 400 },
    responseTime: 8
  },
  level: 'info',
  message: 'HTTP GET /getcity/dskjbjbjdsbkjb'
}
{
  meta: {
    req: {
      url: '/user/logout',
      headers: {
        'content-length': '52',
        'accept-encoding': 'gzip, deflate, br',
        cookie: 'connect.sid=s%3AN5OhHv0E2EQIqM8v1679rQpC-zJbnvGT.EkeaI3AsOI8KDvLZ0Y6POE90fpC5F2rcb21OWXalm5w; accesstoken=eyJhbGciOiJIUzI1NiIsInR5cCI6IkpXVCJ9.eyJ1c2VyRW1haWwiOiJhbWlyQGdtYWlsLmNvbSIsInVzZXJSb2xlIjoibW9kZXJhdG9yIiwiaWF0IjoxNjgyNjEzMDkxLCJleHAiOjE2ODI2MTMxNTF9.OaU_8yYBbKY8yOpxY7ijVrZqKY_QZVEYUn1ZpYV6qc8; refreshtoken=eyJhbGciOiJIUzI1NiIsInR5cCI6IkpXVCJ9.eyJ1c2VyRW1haWwiOiJhbWlyQGdtYWlsLmNvbSIsInVzZXJSb2xlIjoibW9kZXJhdG9yIiwiaWF0IjoxNjgyNjEzMDkxLCJleHAiOjE2ODI2MTMyNzF9.QhhA3JKy0kP2h_Y86l9AS1ZgtMPSdv1XiQyerDAXfEs',
        accept: '*/*',
        'user-agent': 'Thunder Client (https://www.thunderclient.com)',
        'content-type': 'application/json',
        host: 'localhost:4500',
        connection: 'close'
      },
      method: 'POST',
      httpVersion: '1.1',
      originalUrl: '/user/logout',
      query: {}
    },
    res: { statusCode: 404 },
    responseTime: 13
  },
  level: 'info',
  message: 'HTTP POST /user/logout'
}
{
  meta: {
    req: {
      url: '/user/logout',
      headers: {
        'content-length': '52',
        'accept-encoding': 'gzip, deflate, br',
        cookie: 'connect.sid=s%3AN5OhHv0E2EQIqM8v1679rQpC-zJbnvGT.EkeaI3AsOI8KDvLZ0Y6POE90fpC5F2rcb21OWXalm5w; accesstoken=eyJhbGciOiJIUzI1NiIsInR5cCI6IkpXVCJ9.eyJ1c2VyRW1haWwiOiJhbWlyQGdtYWlsLmNvbSIsInVzZXJSb2xlIjoibW9kZXJhdG9yIiwiaWF0IjoxNjgyNjEzMDkxLCJleHAiOjE2ODI2MTMxNTF9.OaU_8yYBbKY8yOpxY7ijVrZqKY_QZVEYUn1ZpYV6qc8; refreshtoken=eyJhbGciOiJIUzI1NiIsInR5cCI6IkpXVCJ9.eyJ1c2VyRW1haWwiOiJhbWlyQGdtYWlsLmNvbSIsInVzZXJSb2xlIjoibW9kZXJhdG9yIiwiaWF0IjoxNjgyNjEzMDkxLCJleHAiOjE2ODI2MTMyNzF9.QhhA3JKy0kP2h_Y86l9AS1ZgtMPSdv1XiQyerDAXfEs',
        accept: '*/*',
        'user-agent': 'Thunder Client (https://www.thunderclient.com)',
        'content-type': 'application/json',
        host: 'localhost:4500',
        connection: 'close'
      },
      method: 'GET',
      httpVersion: '1.1',
      originalUrl: '/user/logout',
      query: {}
    },
    res: { statusCode: 200 },
    responseTime: 7
  },
  level: 'info',
  message: 'HTTP GET /user/logout'
}
{
  meta: {
    req: {
      url: '/getcity/dskjbjbjdsbkjb',
      headers: {
        'accept-encoding': 'gzip, deflate, br',
        cookie: 'connect.sid=s%3AN5OhHv0E2EQIqM8v1679rQpC-zJbnvGT.EkeaI3AsOI8KDvLZ0Y6POE90fpC5F2rcb21OWXalm5w; accesstoken=eyJhbGciOiJIUzI1NiIsInR5cCI6IkpXVCJ9.eyJ1c2VyRW1haWwiOiJhbWlyQGdtYWlsLmNvbSIsInVzZXJSb2xlIjoibW9kZXJhdG9yIiwiaWF0IjoxNjgyNjEzMDkxLCJleHAiOjE2ODI2MTMxNTF9.OaU_8yYBbKY8yOpxY7ijVrZqKY_QZVEYUn1ZpYV6qc8; refreshtoken=eyJhbGciOiJIUzI1NiIsInR5cCI6IkpXVCJ9.eyJ1c2VyRW1haWwiOiJhbWlyQGdtYWlsLmNvbSIsInVzZXJSb2xlIjoibW9kZXJhdG9yIiwiaWF0IjoxNjgyNjEzMDkxLCJleHAiOjE2ODI2MTMyNzF9.QhhA3JKy0kP2h_Y86l9AS1ZgtMPSdv1XiQyerDAXfEs',
        accept: '*/*',
        'user-agent': 'Thunder Client (https://www.thunderclient.com)',
        authorization: 'eyJhbGciOiJIUzI1NiIsInR5cCI6IkpXVCJ9.eyJlbWFpbCI6ImVtcDFAZ21haWwuY29tIiwicm9sZSI6ImVtcGxveWVlIiwiaWF0IjoxNjgyODU0Nzg5fQ.9VpgNORFievj8fATEP0WyqJF2FqVHylJXzAZYGIaT_0',
        host: 'localhost:4500',
        connection: 'close'
      },
      method: 'GET',
      httpVersion: '1.1',
      originalUrl: '/getcity/dskjbjbjdsbkjb',
      query: {}
    },
    res: { statusCode: 400 },
    responseTime: 10
  },
  level: 'info',
  message: 'HTTP GET /getcity/dskjbjbjdsbkjb'
}
{
  meta: {
    req: {
      url: '/getcity/8.8.8.8',
      headers: {
        'accept-encoding': 'gzip, deflate, br',
        cookie: 'connect.sid=s%3AN5OhHv0E2EQIqM8v1679rQpC-zJbnvGT.EkeaI3AsOI8KDvLZ0Y6POE90fpC5F2rcb21OWXalm5w; accesstoken=eyJhbGciOiJIUzI1NiIsInR5cCI6IkpXVCJ9.eyJ1c2VyRW1haWwiOiJhbWlyQGdtYWlsLmNvbSIsInVzZXJSb2xlIjoibW9kZXJhdG9yIiwiaWF0IjoxNjgyNjEzMDkxLCJleHAiOjE2ODI2MTMxNTF9.OaU_8yYBbKY8yOpxY7ijVrZqKY_QZVEYUn1ZpYV6qc8; refreshtoken=eyJhbGciOiJIUzI1NiIsInR5cCI6IkpXVCJ9.eyJ1c2VyRW1haWwiOiJhbWlyQGdtYWlsLmNvbSIsInVzZXJSb2xlIjoibW9kZXJhdG9yIiwiaWF0IjoxNjgyNjEzMDkxLCJleHAiOjE2ODI2MTMyNzF9.QhhA3JKy0kP2h_Y86l9AS1ZgtMPSdv1XiQyerDAXfEs',
        accept: '*/*',
        'user-agent': 'Thunder Client (https://www.thunderclient.com)',
        authorization: 'eyJhbGciOiJIUzI1NiIsInR5cCI6IkpXVCJ9.eyJlbWFpbCI6ImVtcDFAZ21haWwuY29tIiwicm9sZSI6ImVtcGxveWVlIiwiaWF0IjoxNjgyODU0Nzg5fQ.9VpgNORFievj8fATEP0WyqJF2FqVHylJXzAZYGIaT_0',
        host: 'localhost:4500',
        connection: 'close'
      },
      method: 'GET',
      httpVersion: '1.1',
      originalUrl: '/getcity/8.8.8.8',
      query: {}
    },
    res: { statusCode: 200 },
    responseTime: 11
  },
  level: 'info',
  message: 'HTTP GET /getcity/8.8.8.8'
}
{
  meta: {
    req: {
      url: '/user/login',
      headers: {
        'content-length': '52',
        'accept-encoding': 'gzip, deflate, br',
        cookie: 'connect.sid=s%3AN5OhHv0E2EQIqM8v1679rQpC-zJbnvGT.EkeaI3AsOI8KDvLZ0Y6POE90fpC5F2rcb21OWXalm5w; accesstoken=eyJhbGciOiJIUzI1NiIsInR5cCI6IkpXVCJ9.eyJ1c2VyRW1haWwiOiJhbWlyQGdtYWlsLmNvbSIsInVzZXJSb2xlIjoibW9kZXJhdG9yIiwiaWF0IjoxNjgyNjEzMDkxLCJleHAiOjE2ODI2MTMxNTF9.OaU_8yYBbKY8yOpxY7ijVrZqKY_QZVEYUn1ZpYV6qc8; refreshtoken=eyJhbGciOiJIUzI1NiIsInR5cCI6IkpXVCJ9.eyJ1c2VyRW1haWwiOiJhbWlyQGdtYWlsLmNvbSIsInVzZXJSb2xlIjoibW9kZXJhdG9yIiwiaWF0IjoxNjgyNjEzMDkxLCJleHAiOjE2ODI2MTMyNzF9.QhhA3JKy0kP2h_Y86l9AS1ZgtMPSdv1XiQyerDAXfEs',
        accept: '*/*',
        'user-agent': 'Thunder Client (https://www.thunderclient.com)',
        'content-type': 'application/json',
        host: 'localhost:4500',
        connection: 'close'
      },
      method: 'POST',
      httpVersion: '1.1',
      originalUrl: '/user/login',
      query: {}
    },
    res: { statusCode: 200 },
    responseTime: 338
  },
  level: 'info',
  message: 'HTTP POST /user/login'
}
{
  meta: {
    req: {
      url: '/getcity/8.8.8.8',
      headers: {
        'accept-encoding': 'gzip, deflate, br',
        cookie: 'connect.sid=s%3AN5OhHv0E2EQIqM8v1679rQpC-zJbnvGT.EkeaI3AsOI8KDvLZ0Y6POE90fpC5F2rcb21OWXalm5w; accesstoken=eyJhbGciOiJIUzI1NiIsInR5cCI6IkpXVCJ9.eyJ1c2VyRW1haWwiOiJhbWlyQGdtYWlsLmNvbSIsInVzZXJSb2xlIjoibW9kZXJhdG9yIiwiaWF0IjoxNjgyNjEzMDkxLCJleHAiOjE2ODI2MTMxNTF9.OaU_8yYBbKY8yOpxY7ijVrZqKY_QZVEYUn1ZpYV6qc8; refreshtoken=eyJhbGciOiJIUzI1NiIsInR5cCI6IkpXVCJ9.eyJ1c2VyRW1haWwiOiJhbWlyQGdtYWlsLmNvbSIsInVzZXJSb2xlIjoibW9kZXJhdG9yIiwiaWF0IjoxNjgyNjEzMDkxLCJleHAiOjE2ODI2MTMyNzF9.QhhA3JKy0kP2h_Y86l9AS1ZgtMPSdv1XiQyerDAXfEs',
        accept: '*/*',
        'user-agent': 'Thunder Client (https://www.thunderclient.com)',
        authorization: 'eyJhbGciOiJIUzI1NiIsInR5cCI6IkpXVCJ9.eyJlbWFpbCI6ImVtcDFAZ21haWwuY29tIiwicm9sZSI6ImVtcGxveWVlIiwiaWF0IjoxNjgyODU0Nzg5fQ.9VpgNORFievj8fATEP0WyqJF2FqVHylJXzAZYGIaT_0',
        host: 'localhost:4500',
        connection: 'close'
      },
      method: 'GET',
      httpVersion: '1.1',
      originalUrl: '/getcity/8.8.8.8',
      query: {}
    },
    res: { statusCode: 200 },
    responseTime: 10
  },
  level: 'info',
  message: 'HTTP GET /getcity/8.8.8.8'
}
{
  meta: {
    req: {
      url: '/getcity/adjnfjn',
      headers: {
        'accept-encoding': 'gzip, deflate, br',
        cookie: 'connect.sid=s%3AN5OhHv0E2EQIqM8v1679rQpC-zJbnvGT.EkeaI3AsOI8KDvLZ0Y6POE90fpC5F2rcb21OWXalm5w; accesstoken=eyJhbGciOiJIUzI1NiIsInR5cCI6IkpXVCJ9.eyJ1c2VyRW1haWwiOiJhbWlyQGdtYWlsLmNvbSIsInVzZXJSb2xlIjoibW9kZXJhdG9yIiwiaWF0IjoxNjgyNjEzMDkxLCJleHAiOjE2ODI2MTMxNTF9.OaU_8yYBbKY8yOpxY7ijVrZqKY_QZVEYUn1ZpYV6qc8; refreshtoken=eyJhbGciOiJIUzI1NiIsInR5cCI6IkpXVCJ9.eyJ1c2VyRW1haWwiOiJhbWlyQGdtYWlsLmNvbSIsInVzZXJSb2xlIjoibW9kZXJhdG9yIiwiaWF0IjoxNjgyNjEzMDkxLCJleHAiOjE2ODI2MTMyNzF9.QhhA3JKy0kP2h_Y86l9AS1ZgtMPSdv1XiQyerDAXfEs',
        accept: '*/*',
        'user-agent': 'Thunder Client (https://www.thunderclient.com)',
        authorization: 'eyJhbGciOiJIUzI1NiIsInR5cCI6IkpXVCJ9.eyJlbWFpbCI6ImVtcDFAZ21haWwuY29tIiwicm9sZSI6ImVtcGxveWVlIiwiaWF0IjoxNjgyODU0Nzg5fQ.9VpgNORFievj8fATEP0WyqJF2FqVHylJXzAZYGIaT_0',
        host: 'localhost:4500',
        connection: 'close'
      },
      method: 'GET',
      httpVersion: '1.1',
      originalUrl: '/getcity/adjnfjn',
      query: {}
    },
    res: { statusCode: 400 },
    responseTime: 6
  },
  level: 'info',
  message: 'HTTP GET /getcity/adjnfjn'
}
